<?xml version="1.0" encoding="UTF-8"?>
<testng-results ignored="0" total="1" passed="1" failed="0" skipped="0">
  <reporter-output>
  </reporter-output>
  <suite started-at="2023-12-23T09:10:50 IST" name="Default suite" finished-at="2023-12-23T09:11:05 IST" duration-ms="15453">
    <groups>
    </groups>
    <test started-at="2023-12-23T09:10:50 IST" name="Default test" finished-at="2023-12-23T09:11:05 IST" duration-ms="15453">
      <class name="mpack.OneTest">
        <test-method signature="mOne()[pri:0, instance:mpack.OneTest@3f6f6701]" started-at="2023-12-23T09:10:50 IST" name="mOne" finished-at="2023-12-23T09:11:05 IST" duration-ms="15160" status="PASS">
          <reporter-output>
          </reporter-output>
        </test-method> <!-- mOne -->
        <test-method is-config="true" signature="closure()[pri:0, instance:mpack.OneTest@3f6f6701]" started-at="2023-12-23T09:11:05 IST" name="closure" finished-at="2023-12-23T09:11:05 IST" duration-ms="215" status="PASS">
          <reporter-output>
          </reporter-output>
        </test-method> <!-- closure -->
      </class> <!-- mpack.OneTest -->
    </test> <!-- Default test -->
  </suite> <!-- Default suite -->
</testng-results>
